生成启动时间为 2015/6/30 12:17:45。
     1>项目“E:\VS2013工程目录\C++11\Raiden\Raiden\Raiden.vcxproj”在节点 2 上(Build 个目标)。
     1>ClCompile:
         D:\VS2013\VC\bin\CL.exe /c /ZI /nologo /W3 /WX- /sdl /Od /Oy- /D _MBCS /Gm /EHsc /RTC1 /MDd /GS /fp:precise /Zc:wchar_t /Zc:forScope /Fo"Debug\\" /Fd"Debug\vc120.pdb" /Gd /TP /analyze- /errorReport:prompt BackGround.cpp Bullet.cpp Controller.cpp Enemy.cpp Explode.cpp GameObject.cpp Hero.cpp Images.cpp raiden.cpp
         Hero.cpp
         Controller.cpp
         Bullet.cpp
         正在生成代码...
         正在编译...
         raiden.cpp
     1>e:\vs2013工程目录\c++11\raiden\raiden\raiden.cpp(13): warning C4244: “参数”: 从“time_t”转换到“unsigned int”，可能丢失数据
         Images.cpp
         GameObject.cpp
     1>e:\vs2013工程目录\c++11\raiden\raiden\gameobject.cpp(11): warning C4244: “=”: 从“LONG”转换到“float”，可能丢失数据
     1>e:\vs2013工程目录\c++11\raiden\raiden\gameobject.cpp(12): warning C4244: “=”: 从“LONG”转换到“float”，可能丢失数据
         Explode.cpp
     1>e:\vs2013工程目录\c++11\raiden\raiden\explode.cpp(29): warning C4244: “参数”: 从“float”转换到“int”，可能丢失数据
     1>e:\vs2013工程目录\c++11\raiden\raiden\explode.cpp(47): warning C4244: “参数”: 从“LONG”转换到“float”，可能丢失数据
     1>e:\vs2013工程目录\c++11\raiden\raiden\explode.cpp(48): warning C4244: “参数”: 从“LONG”转换到“float”，可能丢失数据
     1>e:\vs2013工程目录\c++11\raiden\raiden\explode.cpp(55): warning C4244: “参数”: 从“LONG”转换到“float”，可能丢失数据
     1>e:\vs2013工程目录\c++11\raiden\raiden\explode.cpp(56): warning C4244: “参数”: 从“LONG”转换到“float”，可能丢失数据
         Enemy.cpp
         BackGround.cpp
     1>e:\vs2013工程目录\c++11\raiden\raiden\background.cpp(21): warning C4244: “参数”: 从“float”转换到“int”，可能丢失数据
     1>e:\vs2013工程目录\c++11\raiden\raiden\background.cpp(22): warning C4244: “参数”: 从“float”转换到“int”，可能丢失数据
     1>e:\vs2013工程目录\c++11\raiden\raiden\background.cpp(31): warning C4244: “参数”: 从“int”转换到“float”，可能丢失数据
         正在生成代码...
       Link:
         D:\VS2013\VC\bin\link.exe /ERRORREPORT:PROMPT /OUT:"E:\VS2013工程目录\C++11\Raiden\Debug\Raiden.exe" /INCREMENTAL /NOLOGO winmm.lib vfw32.lib kernel32.lib user32.lib gdi32.lib winspool.lib comdlg32.lib advapi32.lib shell32.lib ole32.lib oleaut32.lib uuid.lib odbc32.lib odbccp32.lib /MANIFEST /MANIFESTUAC:"level='asInvoker' uiAccess='false'" /manifest:embed /DEBUG /PDB:"E:\VS2013工程目录\C++11\Raiden\Debug\Raiden.pdb" /TLBID:1 /DYNAMICBASE /NXCOMPAT /IMPLIB:"E:\VS2013工程目录\C++11\Raiden\Debug\Raiden.lib" /MACHINE:X86 Debug\Raiden2.res
         Debug\BackGround.obj
         Debug\BuffGoods.obj
         Debug\Bullet.obj
         Debug\Controller.obj
         Debug\Enemy.obj
         Debug\Explode.obj
         Debug\GameObject.obj
         Debug\Hero.obj
         Debug\HeroHealth.obj
         Debug\HeroLife.obj
         Debug\Images.obj
         Debug\raiden.obj
         Raiden.vcxproj -> E:\VS2013工程目录\C++11\Raiden\Debug\Raiden.exe
     1>已完成生成项目“E:\VS2013工程目录\C++11\Raiden\Raiden\Raiden.vcxproj”(Build 个目标)的操作。

生成成功。

已用时间 00:00:08.62
