生成启动时间为 2015/6/30 12:17:37。
     1>项目“E:\VS2013工程目录\C++11\Raiden\Raiden\Raiden.vcxproj”在节点 2 上(Build 个目标)。
     1>ClCompile:
         D:\VS2013\VC\bin\CL.exe /c /Zi /nologo /W3 /WX- /sdl /O2 /Oi /Oy- /GL /D _MBCS /Gm- /EHsc /MD /GS /Gy /fp:precise /Zc:wchar_t /Zc:forScope /Fo"Release\\" /Fd"Release\vc120.pdb" /Gd /TP /analyze- /errorReport:prompt Controller.cpp
         Controller.cpp
       Link:
         D:\VS2013\VC\bin\link.exe /ERRORREPORT:PROMPT /OUT:"E:\VS2013工程目录\C++11\Raiden\Release\Raiden.exe" /NOLOGO kernel32.lib user32.lib gdi32.lib winspool.lib comdlg32.lib advapi32.lib shell32.lib ole32.lib oleaut32.lib uuid.lib odbc32.lib odbccp32.lib /MANIFEST /MANIFESTUAC:"level='asInvoker' uiAccess='false'" /manifest:embed /DEBUG /PDB:"E:\VS2013工程目录\C++11\Raiden\Release\Raiden.pdb" /OPT:REF /OPT:ICF /LTCG /TLBID:1 /DYNAMICBASE /NXCOMPAT /IMPLIB:"E:\VS2013工程目录\C++11\Raiden\Release\Raiden.lib" /MACHINE:X86 /SAFESEH Release\Raiden2.res
         Release\BackGround.obj
         Release\BuffGoods.obj
         Release\Bullet.obj
         Release\Controller.obj
         Release\Enemy.obj
         Release\Explode.obj
         Release\GameObject.obj
         Release\Hero.obj
         Release\HeroHealth.obj
         Release\HeroLife.obj
         Release\Images.obj
         Release\raiden.obj
         正在生成代码
         已完成代码的生成
         Raiden.vcxproj -> E:\VS2013工程目录\C++11\Raiden\Release\Raiden.exe
     1>已完成生成项目“E:\VS2013工程目录\C++11\Raiden\Raiden\Raiden.vcxproj”(Build 个目标)的操作。

生成成功。

已用时间 00:00:01.98
